19:48:59.759 [main] INFO  z.dividend.DividendApplication - Starting DividendApplication using Java 17.0.14 with PID 61805 (/Users/josubin/IntelliJ/lecture/dividend/build/classes/java/main started by josubin in /Users/josubin/IntelliJ/lecture/dividend)
19:48:59.761 [main] INFO  z.dividend.DividendApplication - No active profile set, falling back to 1 default profile: "default"
19:49:00.243 [main] INFO  o.s.d.r.c.RepositoryConfigurationDelegate - Multiple Spring Data modules found, entering strict repository configuration mode
19:49:00.244 [main] INFO  o.s.d.r.c.RepositoryConfigurationDelegate - Bootstrapping Spring Data JPA repositories in DEFAULT mode.
19:49:00.352 [main] INFO  o.s.d.r.c.RepositoryConfigurationDelegate - Finished Spring Data repository scanning in 102 ms. Found 3 JPA repository interfaces.
19:49:00.364 [main] INFO  o.s.d.r.c.RepositoryConfigurationDelegate - Multiple Spring Data modules found, entering strict repository configuration mode
19:49:00.364 [main] INFO  o.s.d.r.c.RepositoryConfigurationDelegate - Bootstrapping Spring Data Redis repositories in DEFAULT mode.
19:49:00.374 [main] INFO  o.s.d.r.c.RepositoryConfigurationExtensionSupport - Spring Data Redis - Could not safely identify store assignment for repository candidate interface zerobase.dividend.persist.repository.CompanyRepository; If you want this repository to be a Redis repository, consider annotating your entities with one of these annotations: org.springframework.data.redis.core.RedisHash (preferred), or consider extending one of the following types with your repository: org.springframework.data.keyvalue.repository.KeyValueRepository
19:49:00.375 [main] INFO  o.s.d.r.c.RepositoryConfigurationExtensionSupport - Spring Data Redis - Could not safely identify store assignment for repository candidate interface zerobase.dividend.persist.repository.DividendRepository; If you want this repository to be a Redis repository, consider annotating your entities with one of these annotations: org.springframework.data.redis.core.RedisHash (preferred), or consider extending one of the following types with your repository: org.springframework.data.keyvalue.repository.KeyValueRepository
19:49:00.375 [main] INFO  o.s.d.r.c.RepositoryConfigurationExtensionSupport - Spring Data Redis - Could not safely identify store assignment for repository candidate interface zerobase.dividend.persist.repository.MemberRepository; If you want this repository to be a Redis repository, consider annotating your entities with one of these annotations: org.springframework.data.redis.core.RedisHash (preferred), or consider extending one of the following types with your repository: org.springframework.data.keyvalue.repository.KeyValueRepository
19:49:00.375 [main] INFO  o.s.d.r.c.RepositoryConfigurationDelegate - Finished Spring Data repository scanning in 5 ms. Found 0 Redis repository interfaces.
19:49:00.820 [main] INFO  o.s.b.w.e.tomcat.TomcatWebServer - Tomcat initialized with port 8080 (http)
19:49:00.828 [main] INFO  o.a.coyote.http11.Http11NioProtocol - Initializing ProtocolHandler ["http-nio-8080"]
19:49:00.829 [main] INFO  o.a.catalina.core.StandardService - Starting service [Tomcat]
19:49:00.830 [main] INFO  o.a.catalina.core.StandardEngine - Starting Servlet engine: [Apache Tomcat/10.1.34]
19:49:00.864 [main] INFO  o.a.c.c.C.[Tomcat].[localhost].[/] - Initializing Spring embedded WebApplicationContext
19:49:00.864 [main] INFO  o.s.b.w.s.c.ServletWebServerApplicationContext - Root WebApplicationContext: initialization completed in 1077 ms
19:49:00.981 [main] INFO  o.h.jpa.internal.util.LogHelper - HHH000204: Processing PersistenceUnitInfo [name: default]
19:49:01.020 [main] INFO  org.hibernate.Version - HHH000412: Hibernate ORM core version 6.6.5.Final
19:49:01.047 [main] INFO  o.h.c.i.RegionFactoryInitiator - HHH000026: Second-level cache disabled
19:49:01.241 [main] INFO  o.s.o.j.p.SpringPersistenceUnitInfo - No LoadTimeWeaver setup: ignoring JPA class transformer
19:49:01.262 [main] INFO  com.zaxxer.hikari.HikariDataSource - HikariPool-1 - Starting...
19:49:01.375 [main] INFO  com.zaxxer.hikari.pool.HikariPool - HikariPool-1 - Added connection conn0: url=jdbc:h2:mem:dividend user=SA
19:49:01.376 [main] INFO  com.zaxxer.hikari.HikariDataSource - HikariPool-1 - Start completed.
19:49:01.394 [main] WARN  org.hibernate.orm.deprecation - HHH90000025: H2Dialect does not need to be specified explicitly using 'hibernate.dialect' (remove the property setting and it will be selected by default)
19:49:01.416 [main] INFO  o.hibernate.orm.connections.pooling - HHH10001005: Database info:
	Database JDBC URL [Connecting through datasource 'HikariDataSource (HikariPool-1)']
	Database driver: undefined/unknown
	Database version: 2.2.220
	Autocommit mode: undefined/unknown
	Isolation level: undefined/unknown
	Minimum pool size: undefined/unknown
	Maximum pool size: undefined/unknown
19:49:02.020 [main] INFO  o.h.e.t.j.p.i.JtaPlatformInitiator - HHH000489: No JTA platform available (set 'hibernate.transaction.jta.platform' to enable JTA platform integration)
19:49:02.050 [main] INFO  o.s.o.j.LocalContainerEntityManagerFactoryBean - Initialized JPA EntityManagerFactory for persistence unit 'default'
19:49:02.265 [main] INFO  z.dividend.security.TokenProvider - ✅ JWT Secret Key: c3ViaW4tc3ByaW5nLWJvb3QtZGl2aWRlbmQtcHJvamVjdC10dXRvcmlhbC1qd3Qtc2VjcmV0LWtleQo=
19:49:02.449 [main] INFO  z.dividend.config.CacheConfig - ✅ Connecting to Redis at localhost:6378
19:49:02.576 [main] INFO  z.dividend.config.CacheConfig - ✅ RedisCacheManager가 생성되었습니다.
19:49:02.633 [main] WARN  o.s.b.a.o.j.JpaBaseConfiguration$JpaWebConfiguration - spring.jpa.open-in-view is enabled by default. Therefore, database queries may be performed during view rendering. Explicitly configure spring.jpa.open-in-view to disable this warning
19:49:02.672 [main] INFO  o.s.s.c.a.a.c.InitializeAuthenticationProviderBeanManagerConfigurer$InitializeAuthenticationProviderManagerConfigurer - Global AuthenticationManager configured with AuthenticationProvider bean with name jwtAuthenticationProvider
19:49:02.673 [main] WARN  o.s.s.c.a.a.c.InitializeUserDetailsBeanManagerConfigurer$InitializeUserDetailsManagerConfigurer - Global AuthenticationManager configured with an AuthenticationProvider bean. UserDetailsService beans will not be used by Spring Security for automatically configuring username/password login. Consider removing the AuthenticationProvider bean. Alternatively, consider using the UserDetailsService in a manually instantiated DaoAuthenticationProvider. If the current configuration is intentional, to turn off this warning, increase the logging level of 'org.springframework.security.config.annotation.authentication.configuration.InitializeUserDetailsBeanManagerConfigurer' to ERROR
19:49:03.232 [main] INFO  o.s.b.a.h.H2ConsoleAutoConfiguration - H2 console available at '/h2-console'. Database available at 'jdbc:h2:mem:dividend'
19:49:03.354 [main] INFO  o.a.coyote.http11.Http11NioProtocol - Starting ProtocolHandler ["http-nio-8080"]
19:49:03.367 [main] INFO  o.s.b.w.e.tomcat.TomcatWebServer - Tomcat started on port 8080 (http) with context path '/'
19:49:03.378 [main] INFO  z.dividend.DividendApplication - Started DividendApplication in 3.953 seconds (process running for 4.463)
19:49:45.563 [http-nio-8080-exec-1] INFO  o.a.c.c.C.[Tomcat].[localhost].[/] - Initializing Spring DispatcherServlet 'dispatcherServlet'
19:49:45.564 [http-nio-8080-exec-1] INFO  o.s.web.servlet.DispatcherServlet - Initializing Servlet 'dispatcherServlet'
19:49:45.565 [http-nio-8080-exec-1] INFO  o.s.web.servlet.DispatcherServlet - Completed initialization in 1 ms
19:49:49.378 [http-nio-8080-exec-3] INFO  z.dividend.security.TokenProvider - 토큰 생성 시작: 사용자 - susu, 역할 - [ROLE_READ, ROLE_WRITE]
19:49:49.382 [http-nio-8080-exec-3] INFO  z.dividend.security.TokenProvider - 토큰 서명 준비: {sub=susu, roles=[ROLE_READ, ROLE_WRITE]} (비밀키 길이: 80)
19:49:49.408 [http-nio-8080-exec-3] INFO  z.dividend.security.TokenProvider - 토큰 생성 완료: eyJhbGciOiJIUzUxMiJ9.eyJzdWIiOiJzdXN1Iiwicm9sZXMiOlsiUk9MRV9SRUFEIiwiUk9MRV9XUklURSJdLCJpYXQiOjE3Mzk2MTY1ODksImV4cCI6MTczOTYyMDE4OX0.-qYWnUV6gY8Se_zkK2bt5U7zacQhxiRnPmjYDYZx1zDnuonrLgX9S3vKkiPR_Ol1tD8OSZF0b_cp6MPepPuZxw
19:49:49.409 [http-nio-8080-exec-3] INFO  z.dividend.web.AuthController - user login -> susu
19:50:08.642 [http-nio-8080-exec-4] INFO  z.dividend.security.TokenProvider - * 토큰 유효성 검사 시작
19:50:08.643 [http-nio-8080-exec-4] INFO  z.dividend.security.TokenProvider - * jwt 파싱
19:50:08.660 [http-nio-8080-exec-4] INFO  z.dividend.security.TokenProvider - * 사용자정보 jwt 에서 가져오기
19:50:08.660 [http-nio-8080-exec-4] INFO  z.dividend.security.TokenProvider - * jwt 파싱
19:50:08.690 [http-nio-8080-exec-4] INFO  z.dividend.security.TokenProvider - * jwt 파싱
19:50:08.691 [http-nio-8080-exec-4] INFO  z.d.security.JwtAuthenticationFilter - [susu] -> /company
20:15:11.572 [HikariPool-1 housekeeper] WARN  com.zaxxer.hikari.pool.HikariPool - HikariPool-1 - Thread starvation or clock leap detected (housekeeper delta=21m40s72ms).
20:16:36.086 [SpringApplicationShutdownHook] INFO  o.s.b.w.e.tomcat.GracefulShutdown - Commencing graceful shutdown. Waiting for active requests to complete
20:16:36.096 [tomcat-shutdown] INFO  o.s.b.w.e.tomcat.GracefulShutdown - Graceful shutdown complete
20:16:36.218 [SpringApplicationShutdownHook] INFO  o.s.o.j.LocalContainerEntityManagerFactoryBean - Closing JPA EntityManagerFactory for persistence unit 'default'
20:16:36.221 [SpringApplicationShutdownHook] INFO  com.zaxxer.hikari.HikariDataSource - HikariPool-1 - Shutdown initiated...
20:16:36.223 [SpringApplicationShutdownHook] INFO  com.zaxxer.hikari.HikariDataSource - HikariPool-1 - Shutdown completed.
